{
  "RSpec": {
    "coverage": {
      "/Users/Jarkyn/Projects/8thLight/RUBY/tictactoe/spec/support/helpers/helpers.rb": [
        1,
        1,
        8,
        28,
        null,
        null,
        null,
        1,
        2,
        2,
        null,
        null,
        1,
        1,
        1,
        null,
        null,
        null,
        1,
        1,
        6,
        6,
        6,
        null,
        null
      ],
      "/Users/Jarkyn/Projects/8thLight/RUBY/tictactoe/lib/board.rb": [
        1,
        null,
        1,
        11,
        11,
        null,
        null,
        1,
        36,
        null,
        null,
        1,
        4,
        null,
        null,
        1,
        7,
        63,
        63,
        null,
        null,
        null,
        1,
        24,
        null,
        null,
        1,
        5,
        26,
        null,
        null,
        null,
        1,
        1,
        null,
        1,
        20,
        null,
        null,
        1,
        5,
        null,
        null,
        1,
        20,
        null,
        null,
        1,
        5,
        null,
        5,
        15,
        45,
        null,
        null,
        5,
        null,
        null,
        1,
        5,
        null,
        null,
        1,
        5,
        5,
        15,
        null,
        5,
        null,
        null,
        1,
        5,
        5,
        15,
        null,
        5,
        null,
        null,
        1,
        null,
        88,
        null,
        null,
        1,
        null,
        null,
        18,
        null,
        null,
        1,
        44,
        132,
        null,
        null,
        null
      ],
      "/Users/Jarkyn/Projects/8thLight/RUBY/tictactoe/spec/game_spec.rb": [
        1,
        1,
        1,
        1,
        null,
        1,
        null,
        7,
        7,
        7,
        null,
        1,
        1,
        null,
        1,
        null,
        null,
        1,
        1,
        1,
        null,
        1,
        null,
        null,
        1,
        1,
        1,
        null,
        1,
        null,
        null,
        1,
        1,
        1,
        null,
        1,
        null,
        null,
        1,
        1,
        1,
        1,
        null,
        1,
        null,
        null,
        1,
        1,
        1,
        1,
        null,
        1,
        null,
        null,
        null,
        null
      ],
      "/Users/Jarkyn/Projects/8thLight/RUBY/tictactoe/lib/game.rb": [
        1,
        null,
        1,
        6,
        6,
        6,
        6,
        6,
        null,
        null,
        1,
        3,
        null,
        null,
        1,
        6,
        6,
        5,
        5,
        null,
        1,
        null,
        null,
        null,
        1,
        null,
        1,
        null,
        1,
        4,
        null,
        null,
        1,
        2,
        null,
        null,
        1,
        2,
        null,
        null,
        1,
        6,
        null,
        null,
        1,
        5,
        null,
        null,
        1,
        5,
        null,
        null,
        null,
        1,
        null
      ],
      "/Users/Jarkyn/Projects/8thLight/RUBY/tictactoe/spec/support/doubles/fake_player.rb": [
        1,
        null,
        1,
        null,
        1,
        12,
        null,
        null,
        1,
        6,
        null,
        null,
        null
      ],
      "/Users/Jarkyn/Projects/8thLight/RUBY/tictactoe/spec/support/doubles/fake_ui.rb": [
        1,
        1,
        7,
        7,
        null,
        null,
        1,
        7,
        null,
        null,
        1,
        null,
        null,
        1,
        1,
        null
      ],
      "/Users/Jarkyn/Projects/8thLight/RUBY/tictactoe/spec/player_spec.rb": [
        1,
        1,
        null,
        1,
        1,
        1,
        1,
        null,
        null
      ],
      "/Users/Jarkyn/Projects/8thLight/RUBY/tictactoe/lib/player.rb": [
        1,
        1,
        null,
        1,
        1,
        null,
        null,
        1,
        1,
        null,
        null
      ],
      "/Users/Jarkyn/Projects/8thLight/RUBY/tictactoe/spec/ui_spec.rb": [
        null
      ]
    },
    "timestamp": 1432824201
  }
}
